app/build/intermediates/manifest_merge_blame_file/debug/manifest-merger-blame-debug-report.txt
1<?xml version="1.0" encoding="utf-8"?>
2<manifest xmlns:android="http://schemas.android.com/apk/res/android"
3    package="com.example.noteapp1"
4    android:versionCode="1"
5    android:versionName="1.0" >
6
7    <uses-sdk
8        android:minSdkVersion="16"
8-->src\main\AndroidManifest.xml
9        android:targetSdkVersion="30" />
9-->src\main\AndroidManifest.xml
10
11    <uses-permission android:name="android.permission.READ_EXTERNAL_STORAGE" />
11-->src\main\AndroidManifest.xml:6:5-80
11-->src\main\AndroidManifest.xml:6:22-77
12    <uses-permission android:name="android.permission.WRITE_EXTERNAL_STORAGE" />
12-->src\main\AndroidManifest.xml:7:5-81
12-->src\main\AndroidManifest.xml:7:22-78
13
14    <application
14-->src\main\AndroidManifest.xml:9:5-45:19
15        android:allowBackup="true"
15-->src\main\AndroidManifest.xml:10:9-35
16        android:appComponentFactory="androidx.core.app.CoreComponentFactory"
16-->[androidx.core:core:1.3.2] AndroidManifest.xml:24:18-86
17        android:debuggable="true"
18        android:icon="@mipmap/ic_launcher"
18-->src\main\AndroidManifest.xml:11:9-43
19        android:label="@string/app_name"
19-->src\main\AndroidManifest.xml:12:9-41
20        android:requestLegacyExternalStorage="true"
20-->src\main\AndroidManifest.xml:13:9-52
21        android:roundIcon="@mipmap/ic_launcher_round"
21-->src\main\AndroidManifest.xml:14:9-54
22        android:supportsRtl="true"
22-->src\main\AndroidManifest.xml:15:9-35
23        android:testOnly="true"
24        android:theme="@style/Theme.NoteApp" >
24-->src\main\AndroidManifest.xml:16:9-45
25        <activity
25-->src\main\AndroidManifest.xml:18:9-25:20
26            android:name="com.example.noteapp1.activities.CreateNoteActivity"
26-->src\main\AndroidManifest.xml:18:19-64
27            android:screenOrientation="portrait"
27-->src\main\AndroidManifest.xml:19:13-49
28            android:windowSoftInputMode="stateHidden" >
28-->src\main\AndroidManifest.xml:20:13-54
29            <intent-filter>
29-->src\main\AndroidManifest.xml:21:13-24:29
30                <action android:name="package.OtherActivity" />
30-->src\main\AndroidManifest.xml:22:17-64
30-->src\main\AndroidManifest.xml:22:25-61
31
32                <category android:name="android.intent.category.DEFAULT" />
32-->src\main\AndroidManifest.xml:23:17-76
32-->src\main\AndroidManifest.xml:23:27-73
33            </intent-filter>
34        </activity>
35        <activity
35-->src\main\AndroidManifest.xml:26:9-33:20
36            android:name="com.example.noteapp1.activities.MainActivity"
36-->src\main\AndroidManifest.xml:27:13-52
37            android:label="No豆" >
37-->src\main\AndroidManifest.xml:28:13-32
38            <intent-filter>
38-->src\main\AndroidManifest.xml:29:13-32:29
39                <action android:name="android.intent.action.MAIN" />
39-->src\main\AndroidManifest.xml:30:17-69
39-->src\main\AndroidManifest.xml:30:25-66
40
41                <category android:name="android.intent.category.LAUNCHER" />
41-->src\main\AndroidManifest.xml:31:17-77
41-->src\main\AndroidManifest.xml:31:27-74
42            </intent-filter>
43        </activity>
44        <activity
44-->src\main\AndroidManifest.xml:34:9-41:20
45            android:name="com.example.noteapp1.activities.PaintActivity"
45-->src\main\AndroidManifest.xml:34:19-59
46            android:screenOrientation="portrait"
46-->src\main\AndroidManifest.xml:35:13-49
47            android:windowSoftInputMode="stateHidden" >
47-->src\main\AndroidManifest.xml:36:13-54
48            <intent-filter>
48-->src\main\AndroidManifest.xml:21:13-24:29
49                <action android:name="package.OtherActivity" />
49-->src\main\AndroidManifest.xml:22:17-64
49-->src\main\AndroidManifest.xml:22:25-61
50
51                <category android:name="android.intent.category.DEFAULT" />
51-->src\main\AndroidManifest.xml:23:17-76
51-->src\main\AndroidManifest.xml:23:27-73
52            </intent-filter>
53        </activity>
54
55        <meta-data
55-->src\main\AndroidManifest.xml:42:9-44:57
56            android:name="preloaded_fonts"
56-->src\main\AndroidManifest.xml:43:13-43
57            android:resource="@array/preloaded_fonts" />
57-->src\main\AndroidManifest.xml:44:13-54
58
59        <service
59-->[androidx.room:room-runtime:2.3.0] AndroidManifest.xml:25:9-28:40
60            android:name="androidx.room.MultiInstanceInvalidationService"
60-->[androidx.room:room-runtime:2.3.0] AndroidManifest.xml:26:13-74
61            android:directBootAware="true"
61-->[androidx.room:room-runtime:2.3.0] AndroidManifest.xml:27:13-43
62            android:exported="false" />
62-->[androidx.room:room-runtime:2.3.0] AndroidManifest.xml:28:13-37
63    </application>
64
65</manifest>